#
# There is insufficient memory for the Java Runtime Environment to continue.
# Native memory allocation (mmap) failed to map 2684354560 bytes. Error detail: G1 virtual space
# Possible reasons:
#   The system is out of physical RAM or swap space
#   This process is running with CompressedOops enabled, and the Java Heap may be blocking the growth of the native heap
# Possible solutions:
#   Reduce memory load on the system
#   Increase physical memory or swap space
#   Check if swap backing store is full
#   Decrease Java heap size (-Xmx/-Xms)
#   Decrease number of Java threads
#   Decrease Java thread stack sizes (-Xss)
#   Set larger code cache with -XX:ReservedCodeCacheSize=
#   JVM is running with Zero Based Compressed Oops mode in which the Java heap is
#     placed in the first 32GB address space. The Java Heap base address is the
#     maximum limit for the native heap growth. Please use -XX:HeapBaseMinAddress
#     to set the Java Heap base and to place the Java Heap above 32GB virtual address.
# This output file may be truncated or incomplete.
#
#  Out of Memory Error (os_windows.cpp:3710), pid=34124, tid=22308
#
# JRE version:  (17.0.15+6) (build )
# Java VM: OpenJDK 64-Bit Server VM (17.0.15+6-LTS, mixed mode, sharing, tiered, compressed oops, compressed class ptrs, g1 gc, windows-aarch64)
# No core dump will be written. Minidumps are not enabled by default on client versions of Windows
#

---------------  S U M M A R Y ------------

Command Line: --add-opens=java.base/java.lang=ALL-UNNAMED --add-opens=java.base/java.lang.invoke=ALL-UNNAMED --add-opens=java.base/java.lang.reflect=ALL-UNNAMED --add-opens=java.base/java.net=ALL-UNNAMED --add-opens=java.base/sun.net.www.protocol.http=ALL-UNNAMED --add-opens=java.base/sun.util.calendar=ALL-UNNAMED --add-opens=jdk.zipfs/jdk.nio.zipfs=ALL-UNNAMED --add-opens=java.base/java.lang=ALL-UNNAMED --add-opens=java.base/java.io=ALL-UNNAMED --add-opens=java.base/java.util=ALL-UNNAMED --add-opens=java.base/java.util.concurrent=ALL-UNNAMED --add-opens=java.rmi/sun.rmi.transport=ALL-UNNAMED -Djava.util.logging.config.file=C:\Users\cogol\IdeaProjects\santa-maria-liferay-teste\bundles\tomcat\conf\logging.properties -Djava.util.logging.manager=org.apache.juli.ClassLoaderLogManager -Djdk.tls.ephemeralDHKeySize=2048 -Djava.protocol.handler.pkgs=org.apache.catalina.webresources -Dfile.encoding=UTF-8 -Djava.locale.providers=JRE,COMPAT,CLDR -Djava.net.preferIPv4Stack=true -Duser.timezone=GMT -Xms2560m -Xmx2560m -XX:MaxNewSize=1536m -XX:MaxMetaspaceSize=768m -XX:MetaspaceSize=768m -XX:NewSize=1536m -XX:SurvivorRatio=7 -Dignore.endorsed.dirs= -Dcatalina.base=C:\Users\cogol\IdeaProjects\santa-maria-liferay-teste\bundles\tomcat -Dcatalina.home=C:\Users\cogol\IdeaProjects\santa-maria-liferay-teste\bundles\tomcat -Djava.io.tmpdir=C:\Users\cogol\IdeaProjects\santa-maria-liferay-teste\bundles\tomcat\temp org.apache.catalina.startup.Bootstrap run start

Host: Snapdragon(R) X Elite - X1E80100 - Qualcomm(R) Oryon(TM) CPU, 12 cores, 15G,  Windows 11 , 64 bit Build 26100 (10.0.26100.3912)
Time: Wed May  7 09:23:21 2025 E. South America Standard Time elapsed time: 2.032056 seconds (0d 0h 0m 2s)

---------------  T H R E A D  ---------------

Current thread (0x000001dc901bb4e0):  JavaThread "Unknown thread" [_thread_in_vm, id=22308, stack(0x0000005e7cb00000,0x0000005e7cc00000)]

Stack: [0x0000005e7cb00000,0x0000005e7cc00000]

---------------  P R O C E S S  ---------------

Threads class SMR info:
_java_thread_list=0x00007ff8bd1bcdb8, length=0, elements={
}

Java Threads: ( => current thread )

Other Threads:
  0x000001dc90633c30 GCTaskThread "GC Thread#0" [stack: 0x0000005e7cc00000,0x0000005e7cd00000] [id=46376]
  0x000001dc90644080 ConcurrentGCThread "G1 Main Marker" [stack: 0x0000005e7cd00000,0x0000005e7ce00000] [id=34624]
  0x000001dc90655c80 ConcurrentGCThread "G1 Conc#0" [stack: 0x0000005e7ce00000,0x0000005e7cf00000] [id=17240]

[error occurred during error reporting (printing all threads), id 0xc0000005, EXCEPTION_ACCESS_VIOLATION (0xc0000005) at pc=0x0000000000000000]

VM state: not at safepoint (not fully initialized)

VM Mutex/Monitor currently owned by a thread:  ([mutex/lock_event])
[0x000001dc901f6e20] Heap_lock - owner thread: 0x000001dc901bb4e0

Heap address: 0x0000000760000000, size: 2560 MB, Compressed Oops mode: Zero based, Oop shift amount: 3

CDS archive(s) mapped at: [0x0000000000000000-0x0000000000000000-0x0000000000000000), size 0, SharedBaseAddress: 0x0000000800000000, ArchiveRelocationMode: 1.
Narrow klass base: 0x0000000000000000, Narrow klass shift: 0, Narrow klass range: 0x0

GC Precious Log:
<Empty>

Heap:
 garbage-first heap   total 0K, used 0K [0x0000000760000000, 0x0000000800000000)
  region size 2048K, 0 young (0K), 0 survivors (0K)
